# JRE version: OpenJDK Runtime Environment (17.0.10) (build 17.0.10+0--11609105)
# Java VM: OpenJDK 64-Bit Server VM (17.0.10+0--11609105, mixed mode, tiered, compressed oops, compressed class ptrs, g1 gc, windows-amd64)
GC Precious Log:
 CPUs: 8 total, 8 available
 Memory: 20218M
 Large Page Support: Disabled
 NUMA Support: Disabled
 Compressed Oops: Enabled (32-bit)
 Heap Region Size: 1M
 Heap Min Capacity: 8M
 Heap Initial Capacity: 316M
 Heap Max Capacity: 2G
 Pre-touch: Disabled
 Parallel Workers: 8
 Concurrent Workers: 2
 Concurrent Refinement Workers: 8
 Periodic GC: Disabled
Heap:
 garbage-first heap   total 522240K, used 253957K [0x0000000080000000, 0x0000000100000000)
  region size 1024K, 4 young (4096K), 4 survivors (4096K)
 Metaspace       used 189655K, committed 191232K, reserved 1245184K
  class space    used 24182K, committed 24960K, reserved 1048576K
GC Heap History (20 events):
Event: 42.846 GC heap after
{Heap after GC invocations=73 (full 0):
 garbage-first heap   total 489472K, used 237881K [0x0000000080000000, 0x0000000100000000)
  region size 1024K, 2 young (2048K), 2 survivors (2048K)
 Metaspace       used 178552K, committed 179904K, reserved 1245184K
  class space    used 22957K, committed 23616K, reserved 1048576K
}
Event: 975.641 GC heap before
{Heap before GC invocations=73 (full 0):
 garbage-first heap   total 489472K, used 404793K [0x0000000080000000, 0x0000000100000000)
  region size 1024K, 165 young (168960K), 2 survivors (2048K)
 Metaspace       used 180188K, committed 181696K, reserved 1245184K
  class space    used 23134K, committed 23872K, reserved 1048576K
}
Event: 975.664 GC heap after
{Heap after GC invocations=74 (full 0):
 garbage-first heap   total 489472K, used 260799K [0x0000000080000000, 0x0000000100000000)
  region size 1024K, 21 young (21504K), 21 survivors (21504K)
 Metaspace       used 180188K, committed 181696K, reserved 1245184K
  class space    used 23134K, committed 23872K, reserved 1048576K
}
Event: 977.226 GC heap before
{Heap before GC invocations=75 (full 0):
 garbage-first heap   total 489472K, used 396991K [0x0000000080000000, 0x0000000100000000)
  region size 1024K, 154 young (157696K), 21 survivors (21504K)
 Metaspace       used 180997K, committed 182656K, reserved 1245184K
  class space    used 23226K, committed 24000K, reserved 1048576K
}
Event: 977.254 GC heap after
{Heap after GC invocations=76 (full 0):
 garbage-first heap   total 489472K, used 277639K [0x0000000080000000, 0x0000000100000000)
  region size 1024K, 17 young (17408K), 17 survivors (17408K)
 Metaspace       used 180997K, committed 182656K, reserved 1245184K
  class space    used 23226K, committed 24000K, reserved 1048576K
}
Event: 977.291 GC heap before
{Heap before GC invocations=76 (full 0):
 garbage-first heap   total 489472K, used 283783K [0x0000000080000000, 0x0000000100000000)
  region size 1024K, 23 young (23552K), 17 survivors (17408K)
 Metaspace       used 181005K, committed 182656K, reserved 1245184K
  class space    used 23226K, committed 24000K, reserved 1048576K
}
Event: 977.310 GC heap after
{Heap after GC invocations=77 (full 0):
 garbage-first heap   total 489472K, used 276892K [0x0000000080000000, 0x0000000100000000)
  region size 1024K, 3 young (3072K), 3 survivors (3072K)
 Metaspace       used 181005K, committed 182656K, reserved 1245184K
  class space    used 23226K, committed 24000K, reserved 1048576K
}
Event: 977.543 GC heap before
{Heap before GC invocations=77 (full 0):
 garbage-first heap   total 489472K, used 331164K [0x0000000080000000, 0x0000000100000000)
  region size 1024K, 57 young (58368K), 3 survivors (3072K)
 Metaspace       used 181086K, committed 182784K, reserved 1245184K
  class space    used 23233K, committed 24000K, reserved 1048576K
}
Event: 977.549 GC heap after
{Heap after GC invocations=78 (full 0):
 garbage-first heap   total 489472K, used 278581K [0x0000000080000000, 0x0000000100000000)
  region size 1024K, 5 young (5120K), 5 survivors (5120K)
 Metaspace       used 181086K, committed 182784K, reserved 1245184K
  class space    used 23233K, committed 24000K, reserved 1048576K
}
Event: 3211.199 GC heap before
{Heap before GC invocations=79 (full 0):
 garbage-first heap   total 522240K, used 411701K [0x0000000080000000, 0x0000000100000000)
  region size 1024K, 127 young (130048K), 5 survivors (5120K)
 Metaspace       used 181976K, committed 183680K, reserved 1245184K
  class space    used 23356K, committed 24192K, reserved 1048576K
}
Event: 3211.243 GC heap after
{Heap after GC invocations=80 (full 0):
 garbage-first heap   total 522240K, used 287132K [0x0000000080000000, 0x0000000100000000)
  region size 1024K, 14 young (14336K), 14 survivors (14336K)
 Metaspace       used 181976K, committed 183680K, reserved 1245184K
  class space    used 23356K, committed 24192K, reserved 1048576K
}
Event: 3211.459 GC heap before
{Heap before GC invocations=80 (full 0):
 garbage-first heap   total 522240K, used 298396K [0x0000000080000000, 0x0000000100000000)
  region size 1024K, 25 young (25600K), 14 survivors (14336K)
 Metaspace       used 181992K, committed 183680K, reserved 1245184K
  class space    used 23356K, committed 24192K, reserved 1048576K
}
Event: 3211.550 GC heap after
{Heap after GC invocations=81 (full 0):
 garbage-first heap   total 522240K, used 260883K [0x0000000080000000, 0x0000000100000000)
  region size 1024K, 4 young (4096K), 4 survivors (4096K)
 Metaspace       used 181992K, committed 183680K, reserved 1245184K
  class space    used 23356K, committed 24192K, reserved 1048576K
}
Event: 3216.238 GC heap before
{Heap before GC invocations=81 (full 0):
 garbage-first heap   total 522240K, used 407315K [0x0000000080000000, 0x0000000100000000)
  region size 1024K, 149 young (152576K), 4 survivors (4096K)
 Metaspace       used 186880K, committed 188672K, reserved 1245184K
  class space    used 24036K, committed 24896K, reserved 1048576K
}
Event: 3216.291 GC heap after
{Heap after GC invocations=82 (full 0):
 garbage-first heap   total 522240K, used 285696K [0x0000000080000000, 0x0000000100000000)
  region size 1024K, 21 young (21504K), 21 survivors (21504K)
 Metaspace       used 186880K, committed 188672K, reserved 1245184K
  class space    used 24036K, committed 24896K, reserved 1048576K
}
Event: 3220.533 GC heap before
{Heap before GC invocations=83 (full 0):
 garbage-first heap   total 522240K, used 446464K [0x0000000080000000, 0x0000000100000000)
  region size 1024K, 154 young (157696K), 21 survivors (21504K)
 Metaspace       used 188068K, committed 189696K, reserved 1245184K
  class space    used 23998K, committed 24896K, reserved 1048576K
}
Event: 3220.584 GC heap after
{Heap after GC invocations=84 (full 0):
 garbage-first heap   total 522240K, used 301541K [0x0000000080000000, 0x0000000100000000)
  region size 1024K, 20 young (20480K), 20 survivors (20480K)
 Metaspace       used 188068K, committed 189696K, reserved 1245184K
  class space    used 23998K, committed 24896K, reserved 1048576K
}
Event: 3220.639 GC heap before
{Heap before GC invocations=84 (full 0):
 garbage-first heap   total 522240K, used 306661K [0x0000000080000000, 0x0000000100000000)
  region size 1024K, 25 young (25600K), 20 survivors (20480K)
 Metaspace       used 188227K, committed 189888K, reserved 1245184K
  class space    used 24014K, committed 24896K, reserved 1048576K
}
Event: 3220.682 GC heap after
{Heap after GC invocations=85 (full 0):
 garbage-first heap   total 522240K, used 263168K [0x0000000080000000, 0x0000000100000000)
  region size 1024K, 3 young (3072K), 3 survivors (3072K)
 Metaspace       used 188227K, committed 189888K, reserved 1245184K
  class space    used 24014K, committed 24896K, reserved 1048576K
}
Event: 3220.905 GC heap before
{Heap before GC invocations=85 (full 0):
 garbage-first heap   total 522240K, used 284672K [0x0000000080000000, 0x0000000100000000)
  region size 1024K, 25 young (25600K), 3 survivors (3072K)
 Metaspace       used 189655K, committed 191232K, reserved 1245184K
  class space    used 24182K, committed 24960K, reserved 1048576K
}

